<?xml version="1.0" encoding="UTF-8"?>
<!-- Generated by org.testng.reporters.JUnitReportReporter -->
<testsuite hostname="DESKTOP-GV9BDI0" failures="0" tests="2" name="mavenProject2021.AnnotationsSolving" time="0.003" errors="0" timestamp="2021-12-20T00:47:29 EST" skipped="0">
  <testcase classname="mavenProject2021.AnnotationsSolving" name="sum" time="0.002"/>
  <system-out/>
  <testcase classname="mavenProject2021.AnnotationsSolving" name="display" time="0.001"/>
  <system-out/>
</testsuite> <!-- mavenProject2021.AnnotationsSolving -->
