<?xml version="1.0" encoding="UTF-8"?>
<!-- Generated by org.testng.reporters.JUnitReportReporter -->
<testsuite hostname="DESKTOP-GV9BDI0" failures="0" tests="1" name="mavenProject2021.All8" time="0.006" errors="0" timestamp="2021-11-30T23:21:44 EST" skipped="0">
  <testcase classname="mavenProject2021.All8" name="test" time="0.006"/>
  <system-out/>
</testsuite> <!-- mavenProject2021.All8 -->
