<?xml version="1.0" encoding="UTF-8"?>
<!-- Generated by org.testng.reporters.JUnitReportReporter -->
<testsuite hostname="DESKTOP-GV9BDI0" failures="0" tests="1" name="com.abc.search.GooglePage" time="15.830" errors="0" timestamp="2022-01-01T22:41:44 EST" skipped="0">
  <testcase classname="com.abc.search.GooglePage" name="T" time="15.830"/>
  <system-out/>
</testsuite> <!-- com.abc.search.GooglePage -->
