<?xml version="1.0" encoding="UTF-8"?>
<!-- Generated by org.testng.reporters.JUnitReportReporter -->
<testsuite hostname="DESKTOP-GV9BDI0" failures="0" tests="1" name="firstmavenProject.Annotation1" time="0.003" errors="0" timestamp="2021-11-22T21:53:13 EST" skipped="0">
  <testcase classname="firstmavenProject.Annotation1" name="sum" time="0.003"/>
  <system-out/>
</testsuite> <!-- firstmavenProject.Annotation1 -->
