<?xml version="1.0" encoding="UTF-8"?>
<!-- Generated by org.testng.reporters.JUnitReportReporter -->
<testsuite hostname="DESKTOP-GV9BDI0" failures="0" tests="2" name="firstmavenProject.AnnotationsSolving" time="0.014" errors="0" timestamp="2021-11-21T23:19:11 EST" skipped="0">
  <testcase classname="firstmavenProject.AnnotationsSolving" name="sum" time="0.002"/>
  <system-out/>
  <testcase classname="firstmavenProject.AnnotationsSolving" name="display" time="0.012"/>
  <system-out/>
</testsuite> <!-- firstmavenProject.AnnotationsSolving -->
